2024-05-25 17:31:29,596 CRIT Supervisor is running as root.  Privileges were not dropped because no user is specified in the config file.  If you intend to run as root, you can set user=root in the config file to avoid this message.
2024-05-25 17:31:29,596 CRIT Supervisor is running as root.  Privileges were not dropped because no user is specified in the config file.  If you intend to run as root, you can set user=root in the config file to avoid this message.
2024-05-25 17:31:29,606 INFO supervisord started with pid 251
2024-05-25 17:31:29,606 INFO supervisord started with pid 250
2024-05-25 17:31:30,607 INFO spawned: 'corosync' with pid 252
2024-05-25 17:31:30,608 INFO spawned: 'corosync' with pid 253
2024-05-25 17:31:30,609 INFO spawned: 'pacemaker' with pid 254
2024-05-25 17:31:30,610 INFO spawned: 'pacemaker' with pid 255
2024-05-25 17:31:30,611 INFO spawned: 'pcsd' with pid 256
2024-05-25 17:31:30,612 INFO spawned: 'pcsd' with pid 257
2024-05-25 17:31:30,616 INFO spawned: 'sshd' with pid 259
2024-05-25 17:31:30,612 INFO spawned: 'sshd' with pid 258
2024-05-25 17:31:30,619 WARN exited: corosync (exit status 8; not expected)
2024-05-25 17:31:30,619 WARN exited: corosync (exit status 8; not expected)
2024-05-25 17:31:30,623 WARN exited: sshd (exit status 255; not expected)
2024-05-25 17:31:30,627 WARN exited: sshd (exit status 255; not expected)
2024-05-25 17:31:31,134 WARN exited: pcsd (exit status 1; not expected)
2024-05-25 17:31:31,138 WARN exited: pcsd (exit status 1; not expected)
2024-05-25 17:31:32,180 INFO spawned: 'corosync' with pid 399
2024-05-25 17:31:32,180 INFO spawned: 'corosync' with pid 400
2024-05-25 17:31:32,181 INFO success: pacemaker entered RUNNING state, process has stayed up for > than 1 seconds (startsecs)
2024-05-25 17:31:32,182 INFO success: pacemaker entered RUNNING state, process has stayed up for > than 1 seconds (startsecs)
2024-05-25 17:31:32,183 INFO spawned: 'pcsd' with pid 401
2024-05-25 17:31:32,186 INFO spawned: 'pcsd' with pid 402
2024-05-25 17:31:32,190 INFO spawned: 'sshd' with pid 403
2024-05-25 17:31:32,191 INFO spawned: 'sshd' with pid 404
2024-05-25 17:31:32,195 WARN exited: corosync (exit status 8; not expected)
2024-05-25 17:31:32,196 WARN exited: corosync (exit status 8; not expected)
2024-05-25 17:31:32,217 WARN exited: sshd (exit status 255; not expected)
2024-05-25 17:31:32,218 WARN exited: sshd (exit status 255; not expected)
2024-05-25 17:31:32,887 WARN exited: pcsd (exit status 1; not expected)
2024-05-25 17:31:32,887 WARN exited: pcsd (exit status 1; not expected)
2024-05-25 17:31:34,892 INFO spawned: 'corosync' with pid 549
2024-05-25 17:31:34,892 INFO spawned: 'corosync' with pid 550
2024-05-25 17:31:34,893 INFO spawned: 'pcsd' with pid 551
2024-05-25 17:31:34,895 INFO spawned: 'sshd' with pid 552
2024-05-25 17:31:34,895 INFO spawned: 'pcsd' with pid 553
2024-05-25 17:31:34,898 WARN exited: corosync (exit status 8; not expected)
2024-05-25 17:31:34,899 INFO spawned: 'sshd' with pid 554
2024-05-25 17:31:34,900 WARN exited: corosync (exit status 8; not expected)
2024-05-25 17:31:34,907 WARN exited: sshd (exit status 255; not expected)
2024-05-25 17:31:34,908 WARN exited: sshd (exit status 255; not expected)
2024-05-25 17:31:35,321 WARN exited: pcsd (exit status 1; not expected)
2024-05-25 17:31:35,321 WARN exited: pcsd (exit status 1; not expected)
2024-05-25 17:31:38,830 INFO spawned: 'corosync' with pid 698
2024-05-25 17:31:38,830 INFO spawned: 'corosync' with pid 697
2024-05-25 17:31:38,833 INFO spawned: 'pcsd' with pid 699
2024-05-25 17:31:38,833 INFO spawned: 'pcsd' with pid 700
2024-05-25 17:31:38,835 INFO spawned: 'sshd' with pid 701
2024-05-25 17:31:38,835 INFO spawned: 'sshd' with pid 702
2024-05-25 17:31:38,836 WARN exited: corosync (exit status 8; not expected)
2024-05-25 17:31:38,836 WARN exited: corosync (exit status 8; not expected)
2024-05-25 17:31:38,843 INFO gave up: corosync entered FATAL state, too many start retries too quickly
2024-05-25 17:31:38,843 INFO gave up: corosync entered FATAL state, too many start retries too quickly
2024-05-25 17:31:38,843 WARN exited: sshd (exit status 255; not expected)
2024-05-25 17:31:38,843 WARN exited: sshd (exit status 255; not expected)
2024-05-25 17:31:39,115 INFO gave up: sshd entered FATAL state, too many start retries too quickly
2024-05-25 17:31:39,118 INFO gave up: sshd entered FATAL state, too many start retries too quickly
2024-05-25 17:31:39,179 WARN exited: pcsd (exit status 1; not expected)
2024-05-25 17:31:39,179 WARN exited: pcsd (exit status 1; not expected)
2024-05-25 17:31:40,180 INFO gave up: pcsd entered FATAL state, too many start retries too quickly
2024-05-25 17:31:40,181 INFO gave up: pcsd entered FATAL state, too many start retries too quickly
2024-05-25 17:31:45,632 WARN exited: pacemaker (exit status 69; not expected)
2024-05-25 17:31:45,632 WARN exited: pacemaker (exit status 69; not expected)
2024-05-25 17:31:46,638 INFO spawned: 'pacemaker' with pid 823
2024-05-25 17:31:46,640 INFO spawned: 'pacemaker' with pid 824
2024-05-25 17:31:47,642 INFO success: pacemaker entered RUNNING state, process has stayed up for > than 1 seconds (startsecs)
2024-05-25 17:31:47,647 INFO success: pacemaker entered RUNNING state, process has stayed up for > than 1 seconds (startsecs)
2024-05-25 17:32:01,661 WARN exited: pacemaker (exit status 69; not expected)
2024-05-25 17:32:01,664 WARN exited: pacemaker (exit status 69; not expected)
2024-05-25 17:32:02,669 INFO spawned: 'pacemaker' with pid 825
2024-05-25 17:32:02,670 INFO spawned: 'pacemaker' with pid 826
2024-05-25 17:32:03,674 INFO success: pacemaker entered RUNNING state, process has stayed up for > than 1 seconds (startsecs)
2024-05-25 17:32:03,676 INFO success: pacemaker entered RUNNING state, process has stayed up for > than 1 seconds (startsecs)
2024-05-25 17:32:17,713 WARN exited: pacemaker (exit status 69; not expected)
2024-05-25 17:32:17,713 WARN exited: pacemaker (exit status 69; not expected)
2024-05-25 17:32:18,724 INFO spawned: 'pacemaker' with pid 828
2024-05-25 17:32:18,724 INFO spawned: 'pacemaker' with pid 827
2024-05-25 17:32:19,727 INFO success: pacemaker entered RUNNING state, process has stayed up for > than 1 seconds (startsecs)
2024-05-25 17:32:19,732 INFO success: pacemaker entered RUNNING state, process has stayed up for > than 1 seconds (startsecs)
2024-05-25 17:32:33,766 WARN exited: pacemaker (exit status 69; not expected)
2024-05-25 17:32:33,766 WARN exited: pacemaker (exit status 69; not expected)
2024-05-25 17:32:34,778 INFO spawned: 'pacemaker' with pid 829
2024-05-25 17:32:34,779 INFO spawned: 'pacemaker' with pid 830
2024-05-25 17:32:35,783 INFO success: pacemaker entered RUNNING state, process has stayed up for > than 1 seconds (startsecs)
2024-05-25 17:32:35,784 INFO success: pacemaker entered RUNNING state, process has stayed up for > than 1 seconds (startsecs)
2024-05-25 17:32:49,854 WARN exited: pacemaker (exit status 69; not expected)
2024-05-25 17:32:49,854 WARN exited: pacemaker (exit status 69; not expected)
2024-05-25 17:32:50,872 INFO spawned: 'pacemaker' with pid 831
2024-05-25 17:32:50,872 INFO spawned: 'pacemaker' with pid 832
2024-05-25 17:32:51,879 INFO success: pacemaker entered RUNNING state, process has stayed up for > than 1 seconds (startsecs)
2024-05-25 17:32:51,882 INFO success: pacemaker entered RUNNING state, process has stayed up for > than 1 seconds (startsecs)
2024-05-25 17:33:05,925 WARN exited: pacemaker (exit status 69; not expected)
2024-05-25 17:33:05,925 WARN exited: pacemaker (exit status 69; not expected)
2024-05-25 17:33:06,936 INFO spawned: 'pacemaker' with pid 833
2024-05-25 17:33:06,937 INFO spawned: 'pacemaker' with pid 834
2024-05-25 17:33:07,941 INFO success: pacemaker entered RUNNING state, process has stayed up for > than 1 seconds (startsecs)
2024-05-25 17:33:07,945 INFO success: pacemaker entered RUNNING state, process has stayed up for > than 1 seconds (startsecs)
2024-05-25 17:33:43,808 CRIT Supervisor is running as root.  Privileges were not dropped because no user is specified in the config file.  If you intend to run as root, you can set user=root in the config file to avoid this message.
2024-05-25 17:33:43,808 CRIT Supervisor is running as root.  Privileges were not dropped because no user is specified in the config file.  If you intend to run as root, you can set user=root in the config file to avoid this message.
2024-05-25 17:33:43,810 INFO supervisord started with pid 251
2024-05-25 17:33:43,810 INFO supervisord started with pid 250
2024-05-25 17:33:44,812 INFO spawnerr: can't find command '/usr/bin/corosync'
2024-05-25 17:33:44,812 INFO spawnerr: can't find command '/usr/bin/corosync'
2024-05-25 17:33:44,813 INFO spawnerr: can't find command '/usr/bin/pacemakerd'
2024-05-25 17:33:44,813 INFO spawnerr: can't find command '/usr/bin/pacemakerd'
2024-05-25 17:33:44,813 INFO spawnerr: can't find command '/usr/bin/pcsd'
2024-05-25 17:33:44,813 INFO spawnerr: can't find command '/usr/bin/pcsd'
2024-05-25 17:33:44,813 INFO spawnerr: can't find command '/usr/bin/sshd'
2024-05-25 17:33:44,813 INFO spawnerr: can't find command '/usr/bin/sshd'
2024-05-25 17:33:45,815 INFO spawnerr: can't find command '/usr/bin/corosync'
2024-05-25 17:33:45,815 INFO spawnerr: can't find command '/usr/bin/corosync'
2024-05-25 17:33:45,816 INFO spawnerr: can't find command '/usr/bin/pacemakerd'
2024-05-25 17:33:45,816 INFO spawnerr: can't find command '/usr/bin/pacemakerd'
2024-05-25 17:33:45,816 INFO spawnerr: can't find command '/usr/bin/pcsd'
2024-05-25 17:33:45,816 INFO spawnerr: can't find command '/usr/bin/pcsd'
2024-05-25 17:33:45,816 INFO spawnerr: can't find command '/usr/bin/sshd'
2024-05-25 17:33:45,816 INFO spawnerr: can't find command '/usr/bin/sshd'
2024-05-25 17:33:47,820 INFO spawnerr: can't find command '/usr/bin/corosync'
2024-05-25 17:33:47,820 INFO spawnerr: can't find command '/usr/bin/corosync'
2024-05-25 17:33:47,821 INFO spawnerr: can't find command '/usr/bin/pacemakerd'
2024-05-25 17:33:47,821 INFO spawnerr: can't find command '/usr/bin/pacemakerd'
2024-05-25 17:33:47,822 INFO spawnerr: can't find command '/usr/bin/pcsd'
2024-05-25 17:33:47,822 INFO spawnerr: can't find command '/usr/bin/pcsd'
2024-05-25 17:33:47,822 INFO spawnerr: can't find command '/usr/bin/sshd'
2024-05-25 17:33:47,822 INFO spawnerr: can't find command '/usr/bin/sshd'
2024-05-25 17:33:50,831 INFO spawnerr: can't find command '/usr/bin/corosync'
2024-05-25 17:33:50,831 INFO spawnerr: can't find command '/usr/bin/corosync'
2024-05-25 17:33:50,831 INFO gave up: corosync entered FATAL state, too many start retries too quickly
2024-05-25 17:33:50,831 INFO gave up: corosync entered FATAL state, too many start retries too quickly
2024-05-25 17:33:50,831 INFO spawnerr: can't find command '/usr/bin/pacemakerd'
2024-05-25 17:33:50,831 INFO spawnerr: can't find command '/usr/bin/pacemakerd'
2024-05-25 17:33:50,832 INFO gave up: pacemaker entered FATAL state, too many start retries too quickly
2024-05-25 17:33:50,832 INFO gave up: pacemaker entered FATAL state, too many start retries too quickly
2024-05-25 17:33:50,832 INFO spawnerr: can't find command '/usr/bin/pcsd'
2024-05-25 17:33:50,832 INFO spawnerr: can't find command '/usr/bin/pcsd'
2024-05-25 17:33:50,832 INFO gave up: pcsd entered FATAL state, too many start retries too quickly
2024-05-25 17:33:50,832 INFO gave up: pcsd entered FATAL state, too many start retries too quickly
2024-05-25 17:33:50,832 INFO spawnerr: can't find command '/usr/bin/sshd'
2024-05-25 17:33:50,832 INFO spawnerr: can't find command '/usr/bin/sshd'
2024-05-25 17:33:50,832 INFO gave up: sshd entered FATAL state, too many start retries too quickly
2024-05-25 17:33:50,832 INFO gave up: sshd entered FATAL state, too many start retries too quickly
2024-05-25 17:34:16,219 CRIT Supervisor is running as root.  Privileges were not dropped because no user is specified in the config file.  If you intend to run as root, you can set user=root in the config file to avoid this message.
2024-05-25 17:34:16,219 CRIT Supervisor is running as root.  Privileges were not dropped because no user is specified in the config file.  If you intend to run as root, you can set user=root in the config file to avoid this message.
2024-05-25 17:34:16,222 INFO supervisord started with pid 251
2024-05-25 17:34:16,223 INFO supervisord started with pid 250
2024-05-25 17:34:17,224 INFO spawnerr: can't find command '/usr/bin/corosync'
2024-05-25 17:34:17,225 INFO spawnerr: can't find command '/usr/bin/corosync'
2024-05-25 17:34:17,227 INFO spawnerr: can't find command '/usr/bin/pacemakerd'
2024-05-25 17:34:17,227 INFO spawnerr: can't find command '/usr/bin/pacemakerd'
2024-05-25 17:34:17,227 INFO spawnerr: can't find command '/usr/bin/pcsd'
2024-05-25 17:34:17,227 INFO spawnerr: can't find command '/usr/bin/pcsd'
2024-05-25 17:34:17,227 INFO spawnerr: can't find command '/usr/bin/sshd'
2024-05-25 17:34:17,227 INFO spawnerr: can't find command '/usr/bin/sshd'
2024-05-25 17:34:18,229 INFO spawnerr: can't find command '/usr/bin/corosync'
2024-05-25 17:34:18,229 INFO spawnerr: can't find command '/usr/bin/corosync'
2024-05-25 17:34:18,229 INFO spawnerr: can't find command '/usr/bin/pacemakerd'
2024-05-25 17:34:18,229 INFO spawnerr: can't find command '/usr/bin/pacemakerd'
2024-05-25 17:34:18,229 INFO spawnerr: can't find command '/usr/bin/pcsd'
2024-05-25 17:34:18,229 INFO spawnerr: can't find command '/usr/bin/pcsd'
2024-05-25 17:34:18,230 INFO spawnerr: can't find command '/usr/bin/sshd'
2024-05-25 17:34:18,230 INFO spawnerr: can't find command '/usr/bin/sshd'
2024-05-25 17:34:20,233 INFO spawnerr: can't find command '/usr/bin/corosync'
2024-05-25 17:34:20,235 INFO spawnerr: can't find command '/usr/bin/corosync'
2024-05-25 17:34:20,236 INFO spawnerr: can't find command '/usr/bin/pacemakerd'
2024-05-25 17:34:20,237 INFO spawnerr: can't find command '/usr/bin/pcsd'
2024-05-25 17:34:20,237 INFO spawnerr: can't find command '/usr/bin/pacemakerd'
2024-05-25 17:34:20,237 INFO spawnerr: can't find command '/usr/bin/sshd'
2024-05-25 17:34:20,237 INFO spawnerr: can't find command '/usr/bin/pcsd'
2024-05-25 17:34:20,237 INFO spawnerr: can't find command '/usr/bin/sshd'
2024-05-25 17:34:23,252 INFO spawnerr: can't find command '/usr/bin/corosync'
2024-05-25 17:34:23,256 INFO gave up: corosync entered FATAL state, too many start retries too quickly
2024-05-25 17:34:23,258 INFO spawnerr: can't find command '/usr/bin/pacemakerd'
2024-05-25 17:34:23,260 INFO gave up: pacemaker entered FATAL state, too many start retries too quickly
2024-05-25 17:34:23,262 INFO spawnerr: can't find command '/usr/bin/pcsd'
2024-05-25 17:34:23,264 INFO gave up: pcsd entered FATAL state, too many start retries too quickly
2024-05-25 17:34:23,265 INFO spawnerr: can't find command '/usr/bin/sshd'
2024-05-25 17:34:23,265 INFO gave up: sshd entered FATAL state, too many start retries too quickly
2024-05-25 17:34:23,279 INFO spawnerr: can't find command '/usr/bin/corosync'
2024-05-25 17:34:23,281 INFO gave up: corosync entered FATAL state, too many start retries too quickly
2024-05-25 17:34:23,288 INFO spawnerr: can't find command '/usr/bin/pacemakerd'
2024-05-25 17:34:23,290 INFO gave up: pacemaker entered FATAL state, too many start retries too quickly
2024-05-25 17:34:23,293 INFO spawnerr: can't find command '/usr/bin/pcsd'
2024-05-25 17:34:23,294 INFO gave up: pcsd entered FATAL state, too many start retries too quickly
2024-05-25 17:34:23,297 INFO spawnerr: can't find command '/usr/bin/sshd'
2024-05-25 17:34:23,297 INFO gave up: sshd entered FATAL state, too many start retries too quickly
